<?xml version="1.0" encoding="UTF-8"?>
<!-- Generated by org.testng.reporters.JUnitXMLReporter -->
<testsuite hostname="ATMECSINLT-085" ignored="0" name="Test" tests="1" failures="0" timestamp="15 Oct 2019 15:45:34 GMT" time="0.066" errors="0">
  <testcase name="@BeforeTest baseSetup" time="0.0" classname="com.saucelabs.automation.testbase.TestBase">
    <failure type="java.lang.NullPointerException">
      <![CDATA[java.lang.NullPointerException
at com.saucelabs.automation.testbase.TestBase.baseSetup(TestBase.java:43)
... Removed 25 stack frames]]>
    </failure>
  </testcase> <!-- @BeforeTest baseSetup -->
  <testcase name="@AfterMethod tearDown" time="0.0" classname="com.saucelabs.automation.extentreport.Extent">
    <skipped/>
  </testcase> <!-- @AfterMethod tearDown -->
  <testcase name="pricingMethod" time="0.0" classname="com.saucelabs.automation.testscripts.Home">
    <skipped/>
  </testcase> <!-- pricingMethod -->
</testsuite> <!-- Test -->
